0 info it worked if it ends with ok
1 verbose cli [ 'C:\\Program Files\\nodejs\\node.exe',
1 verbose cli   'C:\\Users\\M1038171\\AppData\\Roaming\\npm\\node_modules\\npm\\bin\\npm-cli.js',
1 verbose cli   'start' ]
2 info using npm@4.0.5
3 info using node@v6.9.3
4 verbose run-script [ 'prestart', 'start', 'poststart' ]
5 info lifecycle anytime-library@0.0.0~prestart: anytime-library@0.0.0
6 silly lifecycle anytime-library@0.0.0~prestart: no script for prestart, continuing
7 info lifecycle anytime-library@0.0.0~start: anytime-library@0.0.0
8 verbose lifecycle anytime-library@0.0.0~start: unsafe-perm in lifecycle true
9 verbose lifecycle anytime-library@0.0.0~start: PATH: C:\Users\M1038171\AppData\Roaming\npm\node_modules\npm\bin\node-gyp-bin;D:\Angular_201\AnytimeLibrary\node_modules\.bin;<C:\ProgramData\Oracle\Java\javapath;C:\Program Files\Common Files\Microsoft Shared\Microsoft> Online Services;C:\Program Files (x86)\Common Files\Microsoft Shared\Microsoft Online Services;C:\WINDOWS\system32;C:\WINDOWS;C:\WINDOWS\System32\Wbem;C:\WINDOWS\System32\WindowsPowerShell\v1.0\;C:\WINDOWS\System32\Windows System Resource Manager\bin;C:\Program Files (x86)\Windows Imaging;C:\Program Files\Java\jdk1.8.0_102\bin;C:\ProgramData\Oracle\Java\javapath;C:\Program Files\MySQL\MySQL Server 5.7\bin;C:\Program Files (x86)\MySQL\MySQL Server 5.1\bin;C:\Program Files\nodejs\;C:\Users\M1038171\AppData\Roaming\npm;C:\Users\M1038171\AppData\Roaming\npm\node_modules\http-server;C:\Program Files\Seapine\TestTrack;C:\Program Files\Seapine\TestTrack\64bitLibs;C:\Program Files\TortoiseSVN\bin;C:\Python27;C:\Python27\Scripts;C:\Program Files\Microsoft SQL Server\130\Tools\Binn\;C:\Program Files\dotnet\;C:\Program Files\Git\cmd;D:\Installers\sonar-scanner-cli-3.0.3.778-windows\bin;C:\Program Files\Java\jdk1.8.0_102\bin;;C:\Program Files (x86)\Microsoft VS Code\bin;C:\Users\M1038171\AppData\Roaming\npm;C:\Program Files (x86)\Nmap;C:\Program Files (x86)\Nmap
10 verbose lifecycle anytime-library@0.0.0~start: CWD: D:\Angular_201\AnytimeLibrary
11 silly lifecycle anytime-library@0.0.0~start: Args: [ '/d /s /c', 'ng serve' ]
12 verbose stack Error: kill ENOSYS
12 verbose stack     at exports._errnoException (util.js:1022:11)
12 verbose stack     at process.kill (internal/process.js:172:13)
12 verbose stack     at process.listener (C:\Users\M1038171\AppData\Roaming\npm\node_modules\npm\node_modules\npmlog\node_modules\gauge\node_modules\signal-exit\index.js:86:15)
12 verbose stack     at emitNone (events.js:91:20)
12 verbose stack     at process.emit (events.js:185:7)
12 verbose stack     at processEmit (C:\Users\M1038171\AppData\Roaming\npm\node_modules\npm\node_modules\npmlog\node_modules\gauge\node_modules\signal-exit\index.js:146:32)
12 verbose stack     at processEmit (C:\Users\M1038171\AppData\Roaming\npm\node_modules\npm\node_modules\npm-registry-client\node_modules\npmlog\node_modules\gauge\node_modules\signal-exit\index.js:146:32)
12 verbose stack     at Signal.wrap.onsignal (internal/process.js:199:44)
13 verbose cwd D:\Angular_201\AnytimeLibrary
14 error Windows_NT 10.0.10586
15 error argv "C:\\Program Files\\nodejs\\node.exe" "C:\\Users\\M1038171\\AppData\\Roaming\\npm\\node_modules\\npm\\bin\\npm-cli.js" "start"
16 error node v6.9.3
17 error npm  v4.0.5
18 error code ENOSYS
19 error errno ENOSYS
20 error syscall kill
21 error kill ENOSYS
22 error If you need help, you may report this error at:
22 error     <https://github.com/npm/npm/issues>
23 verbose exit [ 1, true ]
